1760283946.588574 client started (70233): version 3.5a, socket /private/tmp/tmux-501/default, protocol 8
1760283946.588593 on Darwin 25.0.0 Darwin Kernel Version 25.0.0: Wed Sep 17 21:41:26 PDT 2025; root:xnu-12377.1.9~141/RELEASE_ARM64_T6041
1760283946.588597 using libevent 2.1.12-stable select
1760283946.588613 using utf8proc 2.11.0
1760283946.588616 using ncurses 6.5 20240427
1760283946.588623 flags are 0x10010000
1760283946.588625 socket is /private/tmp/tmux-501/default
1760283946.588630 trying connect
1760283946.588651 add peer 0xad941c000: 6 (0x0)
1760283946.589506 sending message 111 to peer 0xad941c000 (8 bytes)
1760283946.589511 sending message 111 to peer 0xad941c000 (8 bytes)
1760283946.589513 sending message 101 to peer 0xad941c000 (12 bytes)
1760283946.589516 sending message 109 to peer 0xad941c000 (4 bytes)
1760283946.589518 sending message 102 to peer 0xad941c000 (13 bytes)
1760283946.589520 sending message 108 to peer 0xad941c000 (39 bytes)
1760283946.589522 sending message 112 to peer 0xad941c000 (70 bytes)
1760283946.589524 sending message 112 to peer 0xad941c000 (5 bytes)
1760283946.589526 sending message 112 to peer 0xad941c000 (6 bytes)
1760283946.589529 sending message 112 to peer 0xad941c000 (6 bytes)
1760283946.589532 sending message 112 to peer 0xad941c000 (10 bytes)
1760283946.589534 sending message 112 to peer 0xad941c000 (13 bytes)
1760283946.589536 sending message 112 to peer 0xad941c000 (14 bytes)
1760283946.589538 sending message 112 to peer 0xad941c000 (19 bytes)
1760283946.589540 sending message 112 to peer 0xad941c000 (11 bytes)
1760283946.589542 sending message 112 to peer 0xad941c000 (10 bytes)
1760283946.589544 sending message 112 to peer 0xad941c000 (15 bytes)
1760283946.589545 sending message 112 to peer 0xad941c000 (21 bytes)
1760283946.589547 sending message 112 to peer 0xad941c000 (13 bytes)
1760283946.589549 sending message 112 to peer 0xad941c000 (7 bytes)
1760283946.589551 sending message 112 to peer 0xad941c000 (13 bytes)
1760283946.589553 sending message 112 to peer 0xad941c000 (7 bytes)
1760283946.589555 sending message 112 to peer 0xad941c000 (13 bytes)
1760283946.589557 sending message 112 to peer 0xad941c000 (9 bytes)
1760283946.589559 sending message 112 to peer 0xad941c000 (21 bytes)
1760283946.589561 sending message 112 to peer 0xad941c000 (13 bytes)
1760283946.589562 sending message 112 to peer 0xad941c000 (9 bytes)
1760283946.589565 sending message 112 to peer 0xad941c000 (16 bytes)
1760283946.589567 sending message 112 to peer 0xad941c000 (13 bytes)
1760283946.589569 sending message 112 to peer 0xad941c000 (9 bytes)
1760283946.589572 sending message 112 to peer 0xad941c000 (9 bytes)
1760283946.589574 sending message 112 to peer 0xad941c000 (12 bytes)
1760283946.589577 sending message 112 to peer 0xad941c000 (8 bytes)
1760283946.589579 sending message 112 to peer 0xad941c000 (13 bytes)
1760283946.589581 sending message 112 to peer 0xad941c000 (7 bytes)
1760283946.589582 sending message 112 to peer 0xad941c000 (7 bytes)
1760283946.589584 sending message 112 to peer 0xad941c000 (9 bytes)
1760283946.589586 sending message 112 to peer 0xad941c000 (6 bytes)
1760283946.589588 sending message 112 to peer 0xad941c000 (9 bytes)
1760283946.589590 sending message 112 to peer 0xad941c000 (15 bytes)
1760283946.589592 sending message 112 to peer 0xad941c000 (13 bytes)
1760283946.589594 sending message 112 to peer 0xad941c000 (12 bytes)
1760283946.589595 sending message 112 to peer 0xad941c000 (8 bytes)
1760283946.589597 sending message 112 to peer 0xad941c000 (14 bytes)
1760283946.589599 sending message 112 to peer 0xad941c000 (9 bytes)
1760283946.589601 sending message 112 to peer 0xad941c000 (10 bytes)
1760283946.589603 sending message 112 to peer 0xad941c000 (10 bytes)
1760283946.589605 sending message 112 to peer 0xad941c000 (10 bytes)
1760283946.589606 sending message 112 to peer 0xad941c000 (10 bytes)
1760283946.589608 sending message 112 to peer 0xad941c000 (11 bytes)
1760283946.589610 sending message 112 to peer 0xad941c000 (12 bytes)
1760283946.589612 sending message 112 to peer 0xad941c000 (12 bytes)
1760283946.589617 sending message 112 to peer 0xad941c000 (12 bytes)
1760283946.589618 sending message 112 to peer 0xad941c000 (12 bytes)
1760283946.589620 sending message 112 to peer 0xad941c000 (12 bytes)
1760283946.589621 sending message 112 to peer 0xad941c000 (11 bytes)
1760283946.589623 sending message 112 to peer 0xad941c000 (11 bytes)
1760283946.589624 sending message 112 to peer 0xad941c000 (12 bytes)
1760283946.589626 sending message 112 to peer 0xad941c000 (12 bytes)
1760283946.589627 sending message 112 to peer 0xad941c000 (12 bytes)
1760283946.589628 sending message 112 to peer 0xad941c000 (12 bytes)
1760283946.589631 sending message 112 to peer 0xad941c000 (12 bytes)
1760283946.589632 sending message 112 to peer 0xad941c000 (9 bytes)
1760283946.589634 sending message 112 to peer 0xad941c000 (12 bytes)
1760283946.589635 sending message 112 to peer 0xad941c000 (13 bytes)
1760283946.589637 sending message 112 to peer 0xad941c000 (13 bytes)
1760283946.589638 sending message 112 to peer 0xad941c000 (13 bytes)
1760283946.589639 sending message 112 to peer 0xad941c000 (13 bytes)
1760283946.589641 sending message 112 to peer 0xad941c000 (13 bytes)
1760283946.589642 sending message 112 to peer 0xad941c000 (8 bytes)
1760283946.589644 sending message 112 to peer 0xad941c000 (11 bytes)
1760283946.589645 sending message 112 to peer 0xad941c000 (11 bytes)
1760283946.589646 sending message 112 to peer 0xad941c000 (11 bytes)
1760283946.589648 sending message 112 to peer 0xad941c000 (12 bytes)
1760283946.589649 sending message 112 to peer 0xad941c000 (12 bytes)
1760283946.589651 sending message 112 to peer 0xad941c000 (13 bytes)
1760283946.589652 sending message 112 to peer 0xad941c000 (12 bytes)
1760283946.589653 sending message 112 to peer 0xad941c000 (13 bytes)
1760283946.589655 sending message 112 to peer 0xad941c000 (13 bytes)
1760283946.589656 sending message 112 to peer 0xad941c000 (13 bytes)
1760283946.589657 sending message 112 to peer 0xad941c000 (8 bytes)
1760283946.589659 sending message 112 to peer 0xad941c000 (13 bytes)
1760283946.589660 sending message 112 to peer 0xad941c000 (13 bytes)
1760283946.589662 sending message 112 to peer 0xad941c000 (13 bytes)
1760283946.589663 sending message 112 to peer 0xad941c000 (13 bytes)
1760283946.589664 sending message 112 to peer 0xad941c000 (13 bytes)
1760283946.589666 sending message 112 to peer 0xad941c000 (12 bytes)
1760283946.589667 sending message 112 to peer 0xad941c000 (12 bytes)
1760283946.589669 sending message 112 to peer 0xad941c000 (13 bytes)
1760283946.589670 sending message 112 to peer 0xad941c000 (12 bytes)
1760283946.589671 sending message 112 to peer 0xad941c000 (13 bytes)
1760283946.589673 sending message 112 to peer 0xad941c000 (8 bytes)
1760283946.589674 sending message 112 to peer 0xad941c000 (13 bytes)
1760283946.589675 sending message 112 to peer 0xad941c000 (13 bytes)
1760283946.589677 sending message 112 to peer 0xad941c000 (13 bytes)
1760283946.589678 sending message 112 to peer 0xad941c000 (13 bytes)
1760283946.589680 sending message 112 to peer 0xad941c000 (13 bytes)
1760283946.589681 sending message 112 to peer 0xad941c000 (13 bytes)
1760283946.589682 sending message 112 to peer 0xad941c000 (13 bytes)
1760283946.589684 sending message 112 to peer 0xad941c000 (12 bytes)
1760283946.589685 sending message 112 to peer 0xad941c000 (12 bytes)
1760283946.589686 sending message 112 to peer 0xad941c000 (13 bytes)
1760283946.589688 sending message 112 to peer 0xad941c000 (8 bytes)
1760283946.589689 sending message 112 to peer 0xad941c000 (12 bytes)
1760283946.589691 sending message 112 to peer 0xad941c000 (13 bytes)
1760283946.589692 sending message 112 to peer 0xad941c000 (13 bytes)
1760283946.589693 sending message 112 to peer 0xad941c000 (13 bytes)
1760283946.589695 sending message 112 to peer 0xad941c000 (13 bytes)
1760283946.589696 sending message 112 to peer 0xad941c000 (13 bytes)
1760283946.589697 sending message 112 to peer 0xad941c000 (13 bytes)
1760283946.589699 sending message 112 to peer 0xad941c000 (13 bytes)
1760283946.589703 sending message 112 to peer 0xad941c000 (13 bytes)
1760283946.589704 sending message 112 to peer 0xad941c000 (12 bytes)
1760283946.589706 sending message 112 to peer 0xad941c000 (10 bytes)
1760283946.589707 sending message 112 to peer 0xad941c000 (12 bytes)
1760283946.589709 sending message 112 to peer 0xad941c000 (13 bytes)
1760283946.589710 sending message 112 to peer 0xad941c000 (12 bytes)
1760283946.589712 sending message 112 to peer 0xad941c000 (13 bytes)
1760283946.589713 sending message 112 to peer 0xad941c000 (13 bytes)
1760283946.589714 sending message 112 to peer 0xad941c000 (13 bytes)
1760283946.589716 sending message 112 to peer 0xad941c000 (13 bytes)
1760283946.589717 sending message 112 to peer 0xad941c000 (13 bytes)
1760283946.589718 sending message 112 to peer 0xad941c000 (13 bytes)
1760283946.589720 sending message 112 to peer 0xad941c000 (13 bytes)
1760283946.589721 sending message 112 to peer 0xad941c000 (10 bytes)
1760283946.589723 sending message 112 to peer 0xad941c000 (13 bytes)
1760283946.589724 sending message 112 to peer 0xad941c000 (12 bytes)
1760283946.589725 sending message 112 to peer 0xad941c000 (12 bytes)
1760283946.589727 sending message 112 to peer 0xad941c000 (13 bytes)
1760283946.589728 sending message 112 to peer 0xad941c000 (10 bytes)
1760283946.589729 sending message 112 to peer 0xad941c000 (10 bytes)
1760283946.589731 sending message 112 to peer 0xad941c000 (10 bytes)
1760283946.589732 sending message 112 to peer 0xad941c000 (12 bytes)
1760283946.589733 sending message 112 to peer 0xad941c000 (13 bytes)
1760283946.589735 sending message 112 to peer 0xad941c000 (13 bytes)
1760283946.589736 sending message 112 to peer 0xad941c000 (13 bytes)
1760283946.589738 sending message 112 to peer 0xad941c000 (13 bytes)
1760283946.589739 sending message 112 to peer 0xad941c000 (13 bytes)
1760283946.589740 sending message 112 to peer 0xad941c000 (10 bytes)
1760283946.589742 sending message 112 to peer 0xad941c000 (11 bytes)
1760283946.589743 sending message 112 to peer 0xad941c000 (12 bytes)
1760283946.589744 sending message 112 to peer 0xad941c000 (12 bytes)
1760283946.589746 sending message 112 to peer 0xad941c000 (12 bytes)
1760283946.589747 sending message 112 to peer 0xad941c000 (12 bytes)
1760283946.589749 sending message 112 to peer 0xad941c000 (12 bytes)
1760283946.589750 sending message 112 to peer 0xad941c000 (11 bytes)
1760283946.589751 sending message 112 to peer 0xad941c000 (12 bytes)
1760283946.589753 sending message 112 to peer 0xad941c000 (12 bytes)
1760283946.589754 sending message 112 to peer 0xad941c000 (13 bytes)
1760283946.589755 sending message 112 to peer 0xad941c000 (13 bytes)
1760283946.589757 sending message 112 to peer 0xad941c000 (13 bytes)
1760283946.589758 sending message 112 to peer 0xad941c000 (13 bytes)
1760283946.589760 sending message 112 to peer 0xad941c000 (13 bytes)
1760283946.589761 sending message 112 to peer 0xad941c000 (10 bytes)
1760283946.589762 sending message 112 to peer 0xad941c000 (9 bytes)
1760283946.589764 sending message 112 to peer 0xad941c000 (12 bytes)
1760283946.589765 sending message 112 to peer 0xad941c000 (13 bytes)
1760283946.589766 sending message 112 to peer 0xad941c000 (13 bytes)
1760283946.589768 sending message 112 to peer 0xad941c000 (13 bytes)
1760283946.589769 sending message 112 to peer 0xad941c000 (13 bytes)
1760283946.589771 sending message 112 to peer 0xad941c000 (13 bytes)
1760283946.589772 sending message 112 to peer 0xad941c000 (9 bytes)
1760283946.589773 sending message 112 to peer 0xad941c000 (12 bytes)
1760283946.589775 sending message 112 to peer 0xad941c000 (13 bytes)
1760283946.589776 sending message 112 to peer 0xad941c000 (13 bytes)
1760283946.589777 sending message 112 to peer 0xad941c000 (13 bytes)
1760283946.589779 sending message 112 to peer 0xad941c000 (13 bytes)
1760283946.589780 sending message 112 to peer 0xad941c000 (13 bytes)
1760283946.589782 sending message 112 to peer 0xad941c000 (11 bytes)
1760283946.589783 sending message 112 to peer 0xad941c000 (12 bytes)
1760283946.589784 sending message 112 to peer 0xad941c000 (13 bytes)
1760283946.589787 sending message 112 to peer 0xad941c000 (13 bytes)
1760283946.589789 sending message 112 to peer 0xad941c000 (13 bytes)
1760283946.589790 sending message 112 to peer 0xad941c000 (13 bytes)
1760283946.589792 sending message 112 to peer 0xad941c000 (13 bytes)
1760283946.589793 sending message 112 to peer 0xad941c000 (11 bytes)
1760283946.589794 sending message 112 to peer 0xad941c000 (12 bytes)
1760283946.589796 sending message 112 to peer 0xad941c000 (12 bytes)
1760283946.589797 sending message 112 to peer 0xad941c000 (12 bytes)
1760283946.589799 sending message 112 to peer 0xad941c000 (12 bytes)
1760283946.589800 sending message 112 to peer 0xad941c000 (12 bytes)
1760283946.589801 sending message 112 to peer 0xad941c000 (22 bytes)
1760283946.589803 sending message 112 to peer 0xad941c000 (12 bytes)
1760283946.589804 sending message 112 to peer 0xad941c000 (9 bytes)
1760283946.589806 sending message 112 to peer 0xad941c000 (6 bytes)
1760283946.589807 sending message 112 to peer 0xad941c000 (13 bytes)
1760283946.589808 sending message 112 to peer 0xad941c000 (10 bytes)
1760283946.589810 sending message 112 to peer 0xad941c000 (15 bytes)
1760283946.589811 sending message 112 to peer 0xad941c000 (11 bytes)
1760283946.589812 sending message 112 to peer 0xad941c000 (9 bytes)
1760283946.589814 sending message 112 to peer 0xad941c000 (70 bytes)
1760283946.589815 sending message 112 to peer 0xad941c000 (69 bytes)
1760283946.589817 sending message 112 to peer 0xad941c000 (34 bytes)
1760283946.589818 sending message 112 to peer 0xad941c000 (34 bytes)
1760283946.589819 sending message 112 to peer 0xad941c000 (69 bytes)
1760283946.589821 sending message 112 to peer 0xad941c000 (12 bytes)
1760283946.589822 sending message 112 to peer 0xad941c000 (10 bytes)
1760283946.589824 sending message 112 to peer 0xad941c000 (10 bytes)
1760283946.589825 sending message 112 to peer 0xad941c000 (15 bytes)
1760283946.589826 sending message 112 to peer 0xad941c000 (11 bytes)
1760283946.589828 sending message 112 to peer 0xad941c000 (10 bytes)
1760283946.589829 sending message 112 to peer 0xad941c000 (10 bytes)
1760283946.589830 sending message 112 to peer 0xad941c000 (17 bytes)
1760283946.589832 sending message 112 to peer 0xad941c000 (10 bytes)
1760283946.589833 sending message 112 to peer 0xad941c000 (13 bytes)
1760283946.589834 sending message 112 to peer 0xad941c000 (17 bytes)
1760283946.589836 sending message 112 to peer 0xad941c000 (5 bytes)
1760283946.589837 sending message 112 to peer 0xad941c000 (9 bytes)
1760283946.589839 sending message 112 to peer 0xad941c000 (15 bytes)
1760283946.589841 sending message 104 to peer 0xad941c000 (0 bytes)
1760283946.589842 sending message 110 to peer 0xad941c000 (0 bytes)
1760283946.589844 sending message 107 to peer 0xad941c000 (4 bytes)
1760283946.589845 sending message 105 to peer 0xad941c000 (50 bytes)
1760283946.589847 sending message 105 to peer 0xad941c000 (47 bytes)
1760283946.589848 sending message 105 to peer 0xad941c000 (20 bytes)
1760283946.589849 sending message 105 to peer 0xad941c000 (22 bytes)
1760283946.589851 sending message 105 to peer 0xad941c000 (64 bytes)
1760283946.589852 sending message 105 to peer 0xad941c000 (39 bytes)
1760283946.589854 sending message 105 to peer 0xad941c000 (13 bytes)
1760283946.589855 sending message 105 to peer 0xad941c000 (50 bytes)
1760283946.589856 sending message 105 to peer 0xad941c000 (34 bytes)
1760283946.589858 sending message 105 to peer 0xad941c000 (29 bytes)
1760283946.589859 sending message 105 to peer 0xad941c000 (37 bytes)
1760283946.589861 sending message 105 to peer 0xad941c000 (30 bytes)
1760283946.589862 sending message 105 to peer 0xad941c000 (34 bytes)
1760283946.589863 sending message 105 to peer 0xad941c000 (60 bytes)
1760283946.589865 sending message 105 to peer 0xad941c000 (72 bytes)
1760283946.589866 sending message 105 to peer 0xad941c000 (16 bytes)
1760283946.589868 sending message 105 to peer 0xad941c000 (60 bytes)
1760283946.589869 sending message 105 to peer 0xad941c000 (18 bytes)
1760283946.589873 sending message 105 to peer 0xad941c000 (48 bytes)
1760283946.589875 sending message 105 to peer 0xad941c000 (17 bytes)
1760283946.589876 sending message 105 to peer 0xad941c000 (25 bytes)
1760283946.589878 sending message 105 to peer 0xad941c000 (57 bytes)
1760283946.589879 sending message 105 to peer 0xad941c000 (49 bytes)
1760283946.589881 sending message 105 to peer 0xad941c000 (122 bytes)
1760283946.589882 sending message 105 to peer 0xad941c000 (80 bytes)
1760283946.589884 sending message 105 to peer 0xad941c000 (53 bytes)
1760283946.589885 sending message 105 to peer 0xad941c000 (69 bytes)
1760283946.589886 sending message 105 to peer 0xad941c000 (46 bytes)
1760283946.589888 sending message 105 to peer 0xad941c000 (18 bytes)
1760283946.589889 sending message 105 to peer 0xad941c000 (14 bytes)
1760283946.589891 sending message 105 to peer 0xad941c000 (326 bytes)
1760283946.589892 sending message 105 to peer 0xad941c000 (43 bytes)
1760283946.589893 sending message 105 to peer 0xad941c000 (42 bytes)
1760283946.589895 sending message 105 to peer 0xad941c000 (16 bytes)
1760283946.589896 sending message 105 to peer 0xad941c000 (15 bytes)
1760283946.589898 sending message 105 to peer 0xad941c000 (8 bytes)
1760283946.589899 sending message 105 to peer 0xad941c000 (66 bytes)
1760283946.589900 sending message 105 to peer 0xad941c000 (71 bytes)
1760283946.589902 sending message 105 to peer 0xad941c000 (38 bytes)
1760283946.589903 sending message 105 to peer 0xad941c000 (19 bytes)
1760283946.589905 sending message 105 to peer 0xad941c000 (17 bytes)
1760283946.589906 sending message 105 to peer 0xad941c000 (67 bytes)
1760283946.589907 sending message 105 to peer 0xad941c000 (169 bytes)
1760283946.589909 sending message 105 to peer 0xad941c000 (18 bytes)
1760283946.589910 sending message 105 to peer 0xad941c000 (26 bytes)
1760283946.589912 sending message 105 to peer 0xad941c000 (57 bytes)
1760283946.589913 sending message 105 to peer 0xad941c000 (44 bytes)
1760283946.589914 sending message 105 to peer 0xad941c000 (14 bytes)
1760283946.589916 sending message 105 to peer 0xad941c000 (22 bytes)
1760283946.589917 sending message 105 to peer 0xad941c000 (130 bytes)
1760283946.589919 sending message 105 to peer 0xad941c000 (48 bytes)
1760283946.589920 sending message 105 to peer 0xad941c000 (201 bytes)
1760283946.589921 sending message 105 to peer 0xad941c000 (14 bytes)
1760283946.589923 sending message 105 to peer 0xad941c000 (19 bytes)
1760283946.589924 sending message 105 to peer 0xad941c000 (21 bytes)
1760283946.589926 sending message 105 to peer 0xad941c000 (42 bytes)
1760283946.589927 sending message 105 to peer 0xad941c000 (38 bytes)
1760283946.589928 sending message 105 to peer 0xad941c000 (28 bytes)
1760283946.589930 sending message 105 to peer 0xad941c000 (36 bytes)
1760283946.589931 sending message 105 to peer 0xad941c000 (25 bytes)
1760283946.589933 sending message 106 to peer 0xad941c000 (0 bytes)
1760283946.589967 sending message 200 to peer 0xad941c000 (4 bytes)
1760283946.589970 client loop enter
1760283946.590074 peer 0xad941c000 message 303
1760283946.590078 open write file 2 -
1760283946.590083 sending message 305 to peer 0xad941c000 (8 bytes)
1760283946.590088 write check file 2
1760283946.590103 peer 0xad941c000 message 304
1760283946.590105 write 58 to file 2
1760283946.590107 peer 0xad941c000 message 203
1760283946.590109 file 2 58 bytes left
1760283946.590115 write check file 2
1760283946.590116 client loop exit
